开始转换……
小程序路径:  E:/projects/flower-store/flower-store-miniprogram
搜索到152个文件(含目录)，耗时：2ms

开始分析文件
分析文件信息完成，共31组数据
开始转换文件组为vue文件
转换进度: 1 / 62   fileKey：api/address
转换进度: 2 / 62   fileKey：api/auth
转换进度: 3 / 62   fileKey：api/cart
转换进度: 4 / 62   fileKey：api/category
转换进度: 5 / 62   fileKey：api/favorite
转换进度: 6 / 62   fileKey：api/order
转换进度: 7 / 62   fileKey：api/product
转换进度: 8 / 62   fileKey：api/user
转换进度: 9 / 62   fileKey：app
转换进度: 10 / 62   fileKey：components/navigation-bar/navigation-bar
转换进度: 11 / 62   fileKey：pages/address/edit

[Tip] 检测到组件picker的mode为 region ，在App和H5里未实现，已使用组件region-picker进行替换。
                    虽然已替换，但仍需注意picker在<form/>组件里面的取值问题(可能在formSubmit拿不address，需手动调整)。
                    详情请参阅相关文档, file: pages/address/edit
转换进度: 12 / 62   fileKey：pages/address/list
转换进度: 13 / 62   fileKey：pages/cart/cart
转换进度: 14 / 62   fileKey：pages/category/category
转换进度: 15 / 62   fileKey：pages/collection/collection
转换进度: 16 / 62   fileKey：pages/index/index
转换进度: 17 / 62   fileKey：pages/login/login
转换进度: 18 / 62   fileKey：pages/logs/logs
转换进度: 19 / 62   fileKey：pages/order/detail
转换进度: 20 / 62   fileKey：pages/order/list
转换进度: 21 / 62   fileKey：pages/order/order
转换进度: 22 / 62   fileKey：pages/order/payment
转换进度: 23 / 62   fileKey：pages/product/detail
转换进度: 24 / 62   fileKey：pages/search/search
转换进度: 25 / 62   fileKey：pages/settings/settings
转换进度: 26 / 62   fileKey：pages/user/user
转换进度: 27 / 62   fileKey：project.config
转换进度: 28 / 62   fileKey：project.private.config
转换进度: 29 / 62   fileKey：sitemap
转换进度: 30 / 62   fileKey：utils/eventBus
转换进度: 31 / 62   fileKey：utils/request
开始二次遍历及生成vue文件
转换进度: 32 / 62   fileKey：api/address
转换进度: 33 / 62   fileKey：api/auth
转换进度: 34 / 62   fileKey：api/cart
转换进度: 35 / 62   fileKey：api/category
转换进度: 36 / 62   fileKey：api/favorite
转换进度: 37 / 62   fileKey：api/order
转换进度: 38 / 62   fileKey：api/product
转换进度: 39 / 62   fileKey：api/user
转换进度: 40 / 62   fileKey：app
转换进度: 41 / 62   fileKey：components/navigation-bar/navigation-bar
转换进度: 42 / 62   fileKey：pages/address/edit
转换进度: 43 / 62   fileKey：pages/address/list
转换进度: 44 / 62   fileKey：pages/cart/cart
转换进度: 45 / 62   fileKey：pages/category/category
转换进度: 46 / 62   fileKey：pages/collection/collection
转换进度: 47 / 62   fileKey：pages/index/index
转换进度: 48 / 62   fileKey：pages/login/login
转换进度: 49 / 62   fileKey：pages/logs/logs
转换进度: 50 / 62   fileKey：pages/order/detail
转换进度: 51 / 62   fileKey：pages/order/list
转换进度: 52 / 62   fileKey：pages/order/order
转换进度: 53 / 62   fileKey：pages/order/payment
转换进度: 54 / 62   fileKey：pages/product/detail
转换进度: 55 / 62   fileKey：pages/search/search
转换进度: 56 / 62   fileKey：pages/settings/settings
转换进度: 57 / 62   fileKey：pages/user/user
转换进度: 58 / 62   fileKey：project.config
转换进度: 59 / 62   fileKey：project.private.config
转换进度: 60 / 62   fileKey：sitemap
转换进度: 61 / 62   fileKey：utils/eventBus
转换进度: 62 / 62   fileKey：utils/request
write pages.json success!
write manifest.json success!
write main.js success!
write package.json success!


统计信息：

Component数量: 1
Page数量: 16
支付api数量: 0
登录api数量: 3
chooseMedia数量: 0
getLocation数量: 0
getRelationNodes数量: 0
<ad/>数量: 0
<map/>数量: 0
<video/>数量: 0
Vant组件: ， 数量：0

项目转换完成！
用时: 7.529s
工具版本：v2.2.6
在该小程序项目的同级目录可以看到_uni结尾的项目，即是转换好的uniapp项目，相关日志在该目录里。

使用说明：
    1.因各种原因，本工具并非100%完美转换！部分语法仍需人工处理！
    2.工具转换原理及说明文档参考：https://l4rz4zwpx7.k.topthink.com/@kmrvzg72lx/
    3.如遇运行报错，请添加QQ群(五群：536178289)带图反馈或https://github.com/zhangdaren/miniprogram-to-uniapp提交Issue！
    4.转换后请查阅_uni目录或_uni-cli目录里的 README.md 和 transform.log


